Checking whether the ASM compiler is GNU using "--version" did not match "(GNU assembler)|(GCC)|(Free Software Foundation)":
clang version 10.0.0-4ubuntu1 
Target: x86_64-pc-linux-gnu
Thread model: posix
InstalledDir: /usr/bin
Determining if the include file malloc/malloc.h exists failed with the following output:
Change Dir: /home/caroulder/TestSymCC/symcc/64libcxx_symcc/CMakeFiles/CMakeTmp

Run Build Command(s):/usr/bin/ninja cmTC_98d61 && [1/2] Building C object CMakeFiles/cmTC_98d61.dir/CheckIncludeFile.c.o
FAILED: CMakeFiles/cmTC_98d61.dir/CheckIncludeFile.c.o 
/home/caroulder/TestSymCC/symcc/simple32build/symcc    -o CMakeFiles/cmTC_98d61.dir/CheckIncludeFile.c.o   -c CheckIncludeFile.c
clang: warning: -lsymcc-rt: 'linker' input unused [-Wunused-command-line-argument]
clang: warning: -Wl,-rpath,/home/caroulder/TestSymCC/symcc/simple32build/SymCCRuntime-prefix/src/SymCCRuntime-build: 'linker' input unused [-Wunused-command-line-argument]
clang: warning: argument unused during compilation: '-L/home/caroulder/TestSymCC/symcc/simple32build/SymCCRuntime-prefix/src/SymCCRuntime-build' [-Wunused-command-line-argument]
CheckIncludeFile.c:1:10: fatal error: 'malloc/malloc.h' file not found
#include <malloc/malloc.h>
         ^~~~~~~~~~~~~~~~~
1 error generated.
ninja: build stopped: subcommand failed.



Determining if the include file valgrind/valgrind.h exists failed with the following output:
Change Dir: /home/caroulder/TestSymCC/symcc/64libcxx_symcc/CMakeFiles/CMakeTmp

Run Build Command(s):/usr/bin/ninja cmTC_b151d && [1/2] Building C object CMakeFiles/cmTC_b151d.dir/CheckIncludeFile.c.o
FAILED: CMakeFiles/cmTC_b151d.dir/CheckIncludeFile.c.o 
/home/caroulder/TestSymCC/symcc/simple32build/symcc    -o CMakeFiles/cmTC_b151d.dir/CheckIncludeFile.c.o   -c CheckIncludeFile.c
clang: warning: -lsymcc-rt: 'linker' input unused [-Wunused-command-line-argument]
clang: warning: -Wl,-rpath,/home/caroulder/TestSymCC/symcc/simple32build/SymCCRuntime-prefix/src/SymCCRuntime-build: 'linker' input unused [-Wunused-command-line-argument]
clang: warning: argument unused during compilation: '-L/home/caroulder/TestSymCC/symcc/simple32build/SymCCRuntime-prefix/src/SymCCRuntime-build' [-Wunused-command-line-argument]
CheckIncludeFile.c:1:10: fatal error: 'valgrind/valgrind.h' file not found
#include <valgrind/valgrind.h>
         ^~~~~~~~~~~~~~~~~~~~~
1 error generated.
ninja: build stopped: subcommand failed.



Determining if the include file mach/mach.h exists failed with the following output:
Change Dir: /home/caroulder/TestSymCC/symcc/64libcxx_symcc/CMakeFiles/CMakeTmp

Run Build Command(s):/usr/bin/ninja cmTC_1c707 && [1/2] Building C object CMakeFiles/cmTC_1c707.dir/CheckIncludeFile.c.o
FAILED: CMakeFiles/cmTC_1c707.dir/CheckIncludeFile.c.o 
/home/caroulder/TestSymCC/symcc/simple32build/symcc    -o CMakeFiles/cmTC_1c707.dir/CheckIncludeFile.c.o   -c CheckIncludeFile.c
clang: warning: -lsymcc-rt: 'linker' input unused [-Wunused-command-line-argument]
clang: warning: -Wl,-rpath,/home/caroulder/TestSymCC/symcc/simple32build/SymCCRuntime-prefix/src/SymCCRuntime-build: 'linker' input unused [-Wunused-command-line-argument]
clang: warning: argument unused during compilation: '-L/home/caroulder/TestSymCC/symcc/simple32build/SymCCRuntime-prefix/src/SymCCRuntime-build' [-Wunused-command-line-argument]
CheckIncludeFile.c:1:10: fatal error: 'mach/mach.h' file not found
#include <mach/mach.h>
         ^~~~~~~~~~~~~
1 error generated.
ninja: build stopped: subcommand failed.



Determining if the include file histedit.h exists failed with the following output:
Change Dir: /home/caroulder/TestSymCC/symcc/64libcxx_symcc/CMakeFiles/CMakeTmp

Run Build Command(s):/usr/bin/ninja cmTC_98ba5 && [1/2] Building C object CMakeFiles/cmTC_98ba5.dir/CheckIncludeFile.c.o
FAILED: CMakeFiles/cmTC_98ba5.dir/CheckIncludeFile.c.o 
/home/caroulder/TestSymCC/symcc/simple32build/symcc    -o CMakeFiles/cmTC_98ba5.dir/CheckIncludeFile.c.o   -c CheckIncludeFile.c
clang: warning: -lsymcc-rt: 'linker' input unused [-Wunused-command-line-argument]
clang: warning: -Wl,-rpath,/home/caroulder/TestSymCC/symcc/simple32build/SymCCRuntime-prefix/src/SymCCRuntime-build: 'linker' input unused [-Wunused-command-line-argument]
clang: warning: argument unused during compilation: '-L/home/caroulder/TestSymCC/symcc/simple32build/SymCCRuntime-prefix/src/SymCCRuntime-build' [-Wunused-command-line-argument]
CheckIncludeFile.c:1:10: fatal error: 'histedit.h' file not found
#include <histedit.h>
         ^~~~~~~~~~~~
1 error generated.
ninja: build stopped: subcommand failed.



Determining if the include file CrashReporterClient.h exists failed with the following output:
Change Dir: /home/caroulder/TestSymCC/symcc/64libcxx_symcc/CMakeFiles/CMakeTmp

Run Build Command(s):/usr/bin/ninja cmTC_841ec && [1/2] Building C object CMakeFiles/cmTC_841ec.dir/CheckIncludeFile.c.o
FAILED: CMakeFiles/cmTC_841ec.dir/CheckIncludeFile.c.o 
/home/caroulder/TestSymCC/symcc/simple32build/symcc    -o CMakeFiles/cmTC_841ec.dir/CheckIncludeFile.c.o   -c CheckIncludeFile.c
clang: warning: -lsymcc-rt: 'linker' input unused [-Wunused-command-line-argument]
clang: warning: -Wl,-rpath,/home/caroulder/TestSymCC/symcc/simple32build/SymCCRuntime-prefix/src/SymCCRuntime-build: 'linker' input unused [-Wunused-command-line-argument]
clang: warning: argument unused during compilation: '-L/home/caroulder/TestSymCC/symcc/simple32build/SymCCRuntime-prefix/src/SymCCRuntime-build' [-Wunused-command-line-argument]
CheckIncludeFile.c:1:10: fatal error: 'CrashReporterClient.h' file not found
#include <CrashReporterClient.h>
         ^~~~~~~~~~~~~~~~~~~~~~~
1 error generated.
ninja: build stopped: subcommand failed.



Determining if the function pfm_initialize exists in the pfm failed with the following output:
Change Dir: /home/caroulder/TestSymCC/symcc/64libcxx_symcc/CMakeFiles/CMakeTmp

Run Build Command(s):/usr/bin/ninja cmTC_78e53 && [1/2] Building C object CMakeFiles/cmTC_78e53.dir/CheckFunctionExists.c.o
clang: warning: -lsymcc-rt: 'linker' input unused [-Wunused-command-line-argument]
clang: warning: -Wl,-rpath,/home/caroulder/TestSymCC/symcc/simple32build/SymCCRuntime-prefix/src/SymCCRuntime-build: 'linker' input unused [-Wunused-command-line-argument]
clang: warning: argument unused during compilation: '-L/home/caroulder/TestSymCC/symcc/simple32build/SymCCRuntime-prefix/src/SymCCRuntime-build' [-Wunused-command-line-argument]
Symbolizer module instrumentation
Symbolizing function main
Symbolizing function __sym_ctor.1
[2/2] Linking C executable cmTC_78e53
FAILED: cmTC_78e53 
: && /home/caroulder/TestSymCC/symcc/simple32build/symcc -DCHECK_FUNCTION_EXISTS=pfm_initialize   CMakeFiles/cmTC_78e53.dir/CheckFunctionExists.c.o  -o cmTC_78e53  -lpfm  -lm && :
/usr/bin/ld: cannot find -lpfm
clang: error: linker command failed with exit code 1 (use -v to see invocation)
ninja: build stopped: subcommand failed.



Performing C SOURCE FILE Test CMAKE_HAVE_LIBC_PTHREAD failed with the following output:
Change Dir: /home/caroulder/TestSymCC/symcc/64libcxx_symcc/CMakeFiles/CMakeTmp

Run Build Command(s):/usr/bin/ninja cmTC_6eb87 && [1/2] Building C object CMakeFiles/cmTC_6eb87.dir/src.c.o
clang: warning: -lsymcc-rt: 'linker' input unused [-Wunused-command-line-argument]
clang: warning: -Wl,-rpath,/home/caroulder/TestSymCC/symcc/simple32build/SymCCRuntime-prefix/src/SymCCRuntime-build: 'linker' input unused [-Wunused-command-line-argument]
clang: warning: argument unused during compilation: '-L/home/caroulder/TestSymCC/symcc/simple32build/SymCCRuntime-prefix/src/SymCCRuntime-build' [-Wunused-command-line-argument]
Symbolizer module instrumentation
Symbolizing function test_func
Symbolizing function main
Symbolizing function __sym_ctor.1
[2/2] Linking C executable cmTC_6eb87
FAILED: cmTC_6eb87 
: && /home/caroulder/TestSymCC/symcc/simple32build/symcc -DCMAKE_HAVE_LIBC_PTHREAD   CMakeFiles/cmTC_6eb87.dir/src.c.o  -o cmTC_6eb87  -lm && :
/usr/bin/ld: CMakeFiles/cmTC_6eb87.dir/src.c.o: undefined reference to symbol 'pthread_join@@GLIBC_2.2.5'
/usr/bin/ld: /lib/x86_64-linux-gnu/libpthread.so.0: error adding symbols: DSO missing from command line
clang: error: linker command failed with exit code 1 (use -v to see invocation)
ninja: build stopped: subcommand failed.


Source file was:
#include <pthread.h>

void* test_func(void* data)
{
  return data;
}

int main(void)
{
  pthread_t thread;
  pthread_create(&thread, NULL, test_func, NULL);
  pthread_detach(thread);
  pthread_join(thread, NULL);
  pthread_atfork(NULL, NULL, NULL);
  pthread_exit(NULL);

  return 0;
}

Determining if the function pthread_create exists in the pthreads failed with the following output:
Change Dir: /home/caroulder/TestSymCC/symcc/64libcxx_symcc/CMakeFiles/CMakeTmp

Run Build Command(s):/usr/bin/ninja cmTC_e6a8d && [1/2] Building C object CMakeFiles/cmTC_e6a8d.dir/CheckFunctionExists.c.o
clang: warning: -lsymcc-rt: 'linker' input unused [-Wunused-command-line-argument]
clang: warning: -Wl,-rpath,/home/caroulder/TestSymCC/symcc/simple32build/SymCCRuntime-prefix/src/SymCCRuntime-build: 'linker' input unused [-Wunused-command-line-argument]
clang: warning: argument unused during compilation: '-L/home/caroulder/TestSymCC/symcc/simple32build/SymCCRuntime-prefix/src/SymCCRuntime-build' [-Wunused-command-line-argument]
Symbolizer module instrumentation
Symbolizing function main
Symbolizing function __sym_ctor.1
[2/2] Linking C executable cmTC_e6a8d
FAILED: cmTC_e6a8d 
: && /home/caroulder/TestSymCC/symcc/simple32build/symcc -DCHECK_FUNCTION_EXISTS=pthread_create   CMakeFiles/cmTC_e6a8d.dir/CheckFunctionExists.c.o  -o cmTC_e6a8d  -lpthreads  -lm && :
/usr/bin/ld: cannot find -lpthreads
clang: error: linker command failed with exit code 1 (use -v to see invocation)
ninja: build stopped: subcommand failed.



Determining if the function setupterm exists in the terminfo failed with the following output:
Change Dir: /home/caroulder/TestSymCC/symcc/64libcxx_symcc/CMakeFiles/CMakeTmp

Run Build Command(s):/usr/bin/ninja cmTC_f436a && [1/2] Building C object CMakeFiles/cmTC_f436a.dir/CheckFunctionExists.c.o
clang: warning: -lsymcc-rt: 'linker' input unused [-Wunused-command-line-argument]
clang: warning: -Wl,-rpath,/home/caroulder/TestSymCC/symcc/simple32build/SymCCRuntime-prefix/src/SymCCRuntime-build: 'linker' input unused [-Wunused-command-line-argument]
clang: warning: argument unused during compilation: '-L/home/caroulder/TestSymCC/symcc/simple32build/SymCCRuntime-prefix/src/SymCCRuntime-build' [-Wunused-command-line-argument]
Symbolizer module instrumentation
Symbolizing function main
Symbolizing function __sym_ctor.1
[2/2] Linking C executable cmTC_f436a
FAILED: cmTC_f436a 
: && /home/caroulder/TestSymCC/symcc/simple32build/symcc -DCHECK_FUNCTION_EXISTS=setupterm   CMakeFiles/cmTC_f436a.dir/CheckFunctionExists.c.o  -o cmTC_f436a  -lterminfo  -lm && :
/usr/bin/ld: cannot find -lterminfo
clang: error: linker command failed with exit code 1 (use -v to see invocation)
ninja: build stopped: subcommand failed.



Determining if the function xar_open exists in the xar failed with the following output:
Change Dir: /home/caroulder/TestSymCC/symcc/64libcxx_symcc/CMakeFiles/CMakeTmp

Run Build Command(s):/usr/bin/ninja cmTC_97e49 && [1/2] Building C object CMakeFiles/cmTC_97e49.dir/CheckFunctionExists.c.o
clang: warning: -lsymcc-rt: 'linker' input unused [-Wunused-command-line-argument]
clang: warning: -Wl,-rpath,/home/caroulder/TestSymCC/symcc/simple32build/SymCCRuntime-prefix/src/SymCCRuntime-build: 'linker' input unused [-Wunused-command-line-argument]
clang: warning: argument unused during compilation: '-L/home/caroulder/TestSymCC/symcc/simple32build/SymCCRuntime-prefix/src/SymCCRuntime-build' [-Wunused-command-line-argument]
Symbolizer module instrumentation
Symbolizing function main
Symbolizing function __sym_ctor.1
[2/2] Linking C executable cmTC_97e49
FAILED: cmTC_97e49 
: && /home/caroulder/TestSymCC/symcc/simple32build/symcc -DCHECK_FUNCTION_EXISTS=xar_open   CMakeFiles/cmTC_97e49.dir/CheckFunctionExists.c.o  -o cmTC_97e49  -lxar  -lm && :
/usr/bin/ld: cannot find -lxar
clang: error: linker command failed with exit code 1 (use -v to see invocation)
ninja: build stopped: subcommand failed.



Determining if the arc4random exist failed with the following output:
Change Dir: /home/caroulder/TestSymCC/symcc/64libcxx_symcc/CMakeFiles/CMakeTmp

Run Build Command(s):/usr/bin/ninja cmTC_341ba && [1/2] Building C object CMakeFiles/cmTC_341ba.dir/CheckSymbolExists.c.o
FAILED: CMakeFiles/cmTC_341ba.dir/CheckSymbolExists.c.o 
/home/caroulder/TestSymCC/symcc/simple32build/symcc    -o CMakeFiles/cmTC_341ba.dir/CheckSymbolExists.c.o   -c CheckSymbolExists.c
clang: warning: -lsymcc-rt: 'linker' input unused [-Wunused-command-line-argument]
clang: warning: -Wl,-rpath,/home/caroulder/TestSymCC/symcc/simple32build/SymCCRuntime-prefix/src/SymCCRuntime-build: 'linker' input unused [-Wunused-command-line-argument]
clang: warning: argument unused during compilation: '-L/home/caroulder/TestSymCC/symcc/simple32build/SymCCRuntime-prefix/src/SymCCRuntime-build' [-Wunused-command-line-argument]
CheckSymbolExists.c:8:19: error: use of undeclared identifier 'arc4random'; did you mean 'srandom'?
  return ((int*)(&arc4random))[argc];
                  ^~~~~~~~~~
                  srandom
/usr/include/stdlib.h:404:13: note: 'srandom' declared here
extern void srandom (unsigned int __seed) __THROW;
            ^
1 error generated.
ninja: build stopped: subcommand failed.


File /home/caroulder/TestSymCC/symcc/64libcxx_symcc/CMakeFiles/CMakeTmp/CheckSymbolExists.c:
/* */
#include <stdlib.h>

int main(int argc, char** argv)
{
  (void)argv;
#ifndef arc4random
  return ((int*)(&arc4random))[argc];
#else
  (void)argc;
  return 0;
#endif
}
Determining if the mallctl exist failed with the following output:
Change Dir: /home/caroulder/TestSymCC/symcc/64libcxx_symcc/CMakeFiles/CMakeTmp

Run Build Command(s):/usr/bin/ninja cmTC_6c17a && [1/2] Building C object CMakeFiles/cmTC_6c17a.dir/CheckSymbolExists.c.o
FAILED: CMakeFiles/cmTC_6c17a.dir/CheckSymbolExists.c.o 
/home/caroulder/TestSymCC/symcc/simple32build/symcc   -Werror=unguarded-availability-new -o CMakeFiles/cmTC_6c17a.dir/CheckSymbolExists.c.o   -c CheckSymbolExists.c
clang: warning: -lsymcc-rt: 'linker' input unused [-Wunused-command-line-argument]
clang: warning: -Wl,-rpath,/home/caroulder/TestSymCC/symcc/simple32build/SymCCRuntime-prefix/src/SymCCRuntime-build: 'linker' input unused [-Wunused-command-line-argument]
clang: warning: argument unused during compilation: '-L/home/caroulder/TestSymCC/symcc/simple32build/SymCCRuntime-prefix/src/SymCCRuntime-build' [-Wunused-command-line-argument]
CheckSymbolExists.c:2:10: fatal error: 'malloc_np.h' file not found
#include <malloc_np.h>
         ^~~~~~~~~~~~~
1 error generated.
ninja: build stopped: subcommand failed.


File /home/caroulder/TestSymCC/symcc/64libcxx_symcc/CMakeFiles/CMakeTmp/CheckSymbolExists.c:
/* */
#include <malloc_np.h>

int main(int argc, char** argv)
{
  (void)argv;
#ifndef mallctl
  return ((int*)(&mallctl))[argc];
#else
  (void)argc;
  return 0;
#endif
}
Determining if the malloc_zone_statistics exist failed with the following output:
Change Dir: /home/caroulder/TestSymCC/symcc/64libcxx_symcc/CMakeFiles/CMakeTmp

Run Build Command(s):/usr/bin/ninja cmTC_f3b5a && [1/2] Building C object CMakeFiles/cmTC_f3b5a.dir/CheckSymbolExists.c.o
FAILED: CMakeFiles/cmTC_f3b5a.dir/CheckSymbolExists.c.o 
/home/caroulder/TestSymCC/symcc/simple32build/symcc   -Werror=unguarded-availability-new -o CMakeFiles/cmTC_f3b5a.dir/CheckSymbolExists.c.o   -c CheckSymbolExists.c
clang: warning: -lsymcc-rt: 'linker' input unused [-Wunused-command-line-argument]
clang: warning: -Wl,-rpath,/home/caroulder/TestSymCC/symcc/simple32build/SymCCRuntime-prefix/src/SymCCRuntime-build: 'linker' input unused [-Wunused-command-line-argument]
clang: warning: argument unused during compilation: '-L/home/caroulder/TestSymCC/symcc/simple32build/SymCCRuntime-prefix/src/SymCCRuntime-build' [-Wunused-command-line-argument]
CheckSymbolExists.c:2:10: fatal error: 'malloc/malloc.h' file not found
#include <malloc/malloc.h>
         ^~~~~~~~~~~~~~~~~
1 error generated.
ninja: build stopped: subcommand failed.


File /home/caroulder/TestSymCC/symcc/64libcxx_symcc/CMakeFiles/CMakeTmp/CheckSymbolExists.c:
/* */
#include <malloc/malloc.h>

int main(int argc, char** argv)
{
  (void)argv;
#ifndef malloc_zone_statistics
  return ((int*)(&malloc_zone_statistics))[argc];
#else
  (void)argc;
  return 0;
#endif
}
Determining if the strerror_s exist failed with the following output:
Change Dir: /home/caroulder/TestSymCC/symcc/64libcxx_symcc/CMakeFiles/CMakeTmp

Run Build Command(s):/usr/bin/ninja cmTC_c4672 && [1/2] Building C object CMakeFiles/cmTC_c4672.dir/CheckSymbolExists.c.o
FAILED: CMakeFiles/cmTC_c4672.dir/CheckSymbolExists.c.o 
/home/caroulder/TestSymCC/symcc/simple32build/symcc   -Werror=unguarded-availability-new -o CMakeFiles/cmTC_c4672.dir/CheckSymbolExists.c.o   -c CheckSymbolExists.c
clang: warning: -lsymcc-rt: 'linker' input unused [-Wunused-command-line-argument]
clang: warning: -Wl,-rpath,/home/caroulder/TestSymCC/symcc/simple32build/SymCCRuntime-prefix/src/SymCCRuntime-build: 'linker' input unused [-Wunused-command-line-argument]
clang: warning: argument unused during compilation: '-L/home/caroulder/TestSymCC/symcc/simple32build/SymCCRuntime-prefix/src/SymCCRuntime-build' [-Wunused-command-line-argument]
CheckSymbolExists.c:8:19: error: use of undeclared identifier 'strerror_s'
  return ((int*)(&strerror_s))[argc];
                  ^
1 error generated.
ninja: build stopped: subcommand failed.


File /home/caroulder/TestSymCC/symcc/64libcxx_symcc/CMakeFiles/CMakeTmp/CheckSymbolExists.c:
/* */
#include <string.h>

int main(int argc, char** argv)
{
  (void)argv;
#ifndef strerror_s
  return ((int*)(&strerror_s))[argc];
#else
  (void)argc;
  return 0;
#endif
}
Determining if the dladdr exist failed with the following output:
Change Dir: /home/caroulder/TestSymCC/symcc/64libcxx_symcc/CMakeFiles/CMakeTmp

Run Build Command(s):/usr/bin/ninja cmTC_b7c68 && [1/2] Building C object CMakeFiles/cmTC_b7c68.dir/CheckSymbolExists.c.o
FAILED: CMakeFiles/cmTC_b7c68.dir/CheckSymbolExists.c.o 
/home/caroulder/TestSymCC/symcc/simple32build/symcc   -Werror=unguarded-availability-new -o CMakeFiles/cmTC_b7c68.dir/CheckSymbolExists.c.o   -c CheckSymbolExists.c
clang: warning: -lsymcc-rt: 'linker' input unused [-Wunused-command-line-argument]
clang: warning: -Wl,-rpath,/home/caroulder/TestSymCC/symcc/simple32build/SymCCRuntime-prefix/src/SymCCRuntime-build: 'linker' input unused [-Wunused-command-line-argument]
clang: warning: argument unused during compilation: '-L/home/caroulder/TestSymCC/symcc/simple32build/SymCCRuntime-prefix/src/SymCCRuntime-build' [-Wunused-command-line-argument]
CheckSymbolExists.c:8:19: error: use of undeclared identifier 'dladdr'
  return ((int*)(&dladdr))[argc];
                  ^
1 error generated.
ninja: build stopped: subcommand failed.


File /home/caroulder/TestSymCC/symcc/64libcxx_symcc/CMakeFiles/CMakeTmp/CheckSymbolExists.c:
/* */
#include <dlfcn.h>

int main(int argc, char** argv)
{
  (void)argv;
#ifndef dladdr
  return ((int*)(&dladdr))[argc];
#else
  (void)argc;
  return 0;
#endif
}
Performing C SOURCE FILE Test HAVE_STRUCT_STAT_ST_MTIMESPEC_TV_NSEC failed with the following output:
Change Dir: /home/caroulder/TestSymCC/symcc/64libcxx_symcc/CMakeFiles/CMakeTmp

Run Build Command(s):/usr/bin/ninja cmTC_6a2e5 && [1/2] Building C object CMakeFiles/cmTC_6a2e5.dir/src.c.o
FAILED: CMakeFiles/cmTC_6a2e5.dir/src.c.o 
/home/caroulder/TestSymCC/symcc/simple32build/symcc   -DHAVE_STRUCT_STAT_ST_MTIMESPEC_TV_NSEC  -Werror=unguarded-availability-new -o CMakeFiles/cmTC_6a2e5.dir/src.c.o   -c src.c
clang: warning: -lsymcc-rt: 'linker' input unused [-Wunused-command-line-argument]
clang: warning: -Wl,-rpath,/home/caroulder/TestSymCC/symcc/simple32build/SymCCRuntime-prefix/src/SymCCRuntime-build: 'linker' input unused [-Wunused-command-line-argument]
clang: warning: argument unused during compilation: '-L/home/caroulder/TestSymCC/symcc/simple32build/SymCCRuntime-prefix/src/SymCCRuntime-build' [-Wunused-command-line-argument]
src.c:7:36: error: no member named 'st_mtimespec' in 'struct stat'
  (void)sizeof(((struct stat *)0)->st_mtimespec.tv_nsec);
               ~~~~~~~~~~~~~~~~~~  ^
1 error generated.
ninja: build stopped: subcommand failed.


Source file was:

#include <sys/types.h>
#include <sys/stat.h>

int main()
{
  (void)sizeof(((struct stat *)0)->st_mtimespec.tv_nsec);
  return 0;
}

Performing C SOURCE FILE Test C_SUPPORTS_FPIC failed with the following output:
Change Dir: /home/caroulder/TestSymCC/symcc/64libcxx_symcc/CMakeFiles/CMakeTmp

Run Build Command(s):/usr/bin/ninja cmTC_8f65f && [1/2] Building C object CMakeFiles/cmTC_8f65f.dir/src.c.o
FAILED: CMakeFiles/cmTC_8f65f.dir/src.c.o 
/home/caroulder/TestSymCC/symcc/simple32build/symcc   -DC_SUPPORTS_FPIC  -Werror=unguarded-availability-new   -Werror -fPIC -o CMakeFiles/cmTC_8f65f.dir/src.c.o   -c src.c
clang: error: -lsymcc-rt: 'linker' input unused [-Werror,-Wunused-command-line-argument]
clang: error: -Wl,-rpath,/home/caroulder/TestSymCC/symcc/simple32build/SymCCRuntime-prefix/src/SymCCRuntime-build: 'linker' input unused [-Werror,-Wunused-command-line-argument]
ninja: build stopped: subcommand failed.


Source file was:
int main(void) { return 0; }
Performing C SOURCE FILE Test C_SUPPORTS_WERROR_DATE_TIME failed with the following output:
Change Dir: /home/caroulder/TestSymCC/symcc/64libcxx_symcc/CMakeFiles/CMakeTmp

Run Build Command(s):/usr/bin/ninja cmTC_c80d9 && [1/2] Building C object CMakeFiles/cmTC_c80d9.dir/src.c.o
FAILED: CMakeFiles/cmTC_c80d9.dir/src.c.o 
/home/caroulder/TestSymCC/symcc/simple32build/symcc   -DC_SUPPORTS_WERROR_DATE_TIME  -Werror=unguarded-availability-new   -Werror -Werror=date-time -o CMakeFiles/cmTC_c80d9.dir/src.c.o   -c src.c
clang: error: -lsymcc-rt: 'linker' input unused [-Werror,-Wunused-command-line-argument]
clang: error: -Wl,-rpath,/home/caroulder/TestSymCC/symcc/simple32build/SymCCRuntime-prefix/src/SymCCRuntime-build: 'linker' input unused [-Werror,-Wunused-command-line-argument]
ninja: build stopped: subcommand failed.


Source file was:
int main(void) { return 0; }
Performing C SOURCE FILE Test C_SUPPORTS_IMPLICIT_FALLTHROUGH_FLAG failed with the following output:
Change Dir: /home/caroulder/TestSymCC/symcc/64libcxx_symcc/CMakeFiles/CMakeTmp

Run Build Command(s):/usr/bin/ninja cmTC_86e81 && [1/2] Building C object CMakeFiles/cmTC_86e81.dir/src.c.o
FAILED: CMakeFiles/cmTC_86e81.dir/src.c.o 
/home/caroulder/TestSymCC/symcc/simple32build/symcc   -Werror=unguarded-availability-new -Wall -Wextra -Wno-unused-parameter -Wwrite-strings -Wmissing-field-initializers -pedantic -Wno-long-long -DC_SUPPORTS_IMPLICIT_FALLTHROUGH_FLAG  -Werror=unguarded-availability-new   -Werror -Wimplicit-fallthrough -o CMakeFiles/cmTC_86e81.dir/src.c.o   -c src.c
clang: error: -lsymcc-rt: 'linker' input unused [-Werror,-Wunused-command-line-argument]
clang: error: -Wl,-rpath,/home/caroulder/TestSymCC/symcc/simple32build/SymCCRuntime-prefix/src/SymCCRuntime-build: 'linker' input unused [-Werror,-Wunused-command-line-argument]
ninja: build stopped: subcommand failed.


Source file was:
int main(void) { return 0; }
Performing C SOURCE FILE Test C_SUPPORTS_COVERED_SWITCH_DEFAULT_FLAG failed with the following output:
Change Dir: /home/caroulder/TestSymCC/symcc/64libcxx_symcc/CMakeFiles/CMakeTmp

Run Build Command(s):/usr/bin/ninja cmTC_a6b98 && [1/2] Building C object CMakeFiles/cmTC_a6b98.dir/src.c.o
FAILED: CMakeFiles/cmTC_a6b98.dir/src.c.o 
/home/caroulder/TestSymCC/symcc/simple32build/symcc   -Werror=unguarded-availability-new -Wall -Wextra -Wno-unused-parameter -Wwrite-strings -Wmissing-field-initializers -pedantic -Wno-long-long -DC_SUPPORTS_COVERED_SWITCH_DEFAULT_FLAG  -Werror=unguarded-availability-new   -Werror -Wcovered-switch-default -o CMakeFiles/cmTC_a6b98.dir/src.c.o   -c src.c
clang: error: -lsymcc-rt: 'linker' input unused [-Werror,-Wunused-command-line-argument]
clang: error: -Wl,-rpath,/home/caroulder/TestSymCC/symcc/simple32build/SymCCRuntime-prefix/src/SymCCRuntime-build: 'linker' input unused [-Werror,-Wunused-command-line-argument]
ninja: build stopped: subcommand failed.


Source file was:
int main(void) { return 0; }
Performing C++ SOURCE FILE Test CXX_SUPPORTS_CLASS_MEMACCESS_FLAG failed with the following output:
Change Dir: /home/caroulder/TestSymCC/symcc/64libcxx_symcc/CMakeFiles/CMakeTmp

Run Build Command(s):/usr/bin/ninja cmTC_fe409 && [1/2] Building CXX object CMakeFiles/cmTC_fe409.dir/src.cxx.o
warning: unknown warning option '-Wclass-memaccess'; did you mean '-Wclass-varargs'? [-Wunknown-warning-option]
Symbolizer module instrumentation
Symbolizing function main
Symbolizing function __sym_ctor.1
1 warning generated.
[2/2] Linking CXX executable cmTC_fe409


Source file was:
int main() { return 0; }
Performing C SOURCE FILE Test C_SUPPORTS_DELETE_NON_VIRTUAL_DTOR_FLAG failed with the following output:
Change Dir: /home/caroulder/TestSymCC/symcc/64libcxx_symcc/CMakeFiles/CMakeTmp

Run Build Command(s):/usr/bin/ninja cmTC_036e2 && [1/2] Building C object CMakeFiles/cmTC_036e2.dir/src.c.o
FAILED: CMakeFiles/cmTC_036e2.dir/src.c.o 
/home/caroulder/TestSymCC/symcc/simple32build/symcc   -Werror=unguarded-availability-new -Wall -Wextra -Wno-unused-parameter -Wwrite-strings -Wmissing-field-initializers -pedantic -Wno-long-long -DC_SUPPORTS_DELETE_NON_VIRTUAL_DTOR_FLAG  -Werror=unguarded-availability-new   -Werror -Wdelete-non-virtual-dtor -o CMakeFiles/cmTC_036e2.dir/src.c.o   -c src.c
clang: error: -lsymcc-rt: 'linker' input unused [-Werror,-Wunused-command-line-argument]
clang: error: -Wl,-rpath,/home/caroulder/TestSymCC/symcc/simple32build/SymCCRuntime-prefix/src/SymCCRuntime-build: 'linker' input unused [-Werror,-Wunused-command-line-argument]
ninja: build stopped: subcommand failed.


Source file was:
int main(void) { return 0; }
Performing C SOURCE FILE Test C_WCOMMENT_ALLOWS_LINE_WRAP failed with the following output:
Change Dir: /home/caroulder/TestSymCC/symcc/64libcxx_symcc/CMakeFiles/CMakeTmp

Run Build Command(s):/usr/bin/ninja cmTC_0b4d7 && [1/2] Building C object CMakeFiles/cmTC_0b4d7.dir/src.c.o
FAILED: CMakeFiles/cmTC_0b4d7.dir/src.c.o 
/home/caroulder/TestSymCC/symcc/simple32build/symcc -D_GNU_SOURCE  -Werror=unguarded-availability-new -Wall -Wextra -Wno-unused-parameter -Wwrite-strings -Wmissing-field-initializers -pedantic -Wno-long-long -DC_WCOMMENT_ALLOWS_LINE_WRAP  -Werror=unguarded-availability-new -Werror -Wcomment -o CMakeFiles/cmTC_0b4d7.dir/src.c.o   -c src.c
clang: error: -lsymcc-rt: 'linker' input unused [-Werror,-Wunused-command-line-argument]
clang: error: -Wl,-rpath,/home/caroulder/TestSymCC/symcc/simple32build/SymCCRuntime-prefix/src/SymCCRuntime-build: 'linker' input unused [-Werror,-Wunused-command-line-argument]
ninja: build stopped: subcommand failed.


Source file was:
// \
//
int main() {return 0;}
Performing C SOURCE FILE Test C_SUPPORTS_STRING_CONVERSION_FLAG failed with the following output:
Change Dir: /home/caroulder/TestSymCC/symcc/64libcxx_symcc/CMakeFiles/CMakeTmp

Run Build Command(s):/usr/bin/ninja cmTC_eeae6 && [1/2] Building C object CMakeFiles/cmTC_eeae6.dir/src.c.o
FAILED: CMakeFiles/cmTC_eeae6.dir/src.c.o 
/home/caroulder/TestSymCC/symcc/simple32build/symcc   -Werror=unguarded-availability-new -Wall -Wextra -Wno-unused-parameter -Wwrite-strings -Wmissing-field-initializers -pedantic -Wno-long-long -Wno-comment -DC_SUPPORTS_STRING_CONVERSION_FLAG  -Werror=unguarded-availability-new   -Werror -Wstring-conversion -o CMakeFiles/cmTC_eeae6.dir/src.c.o   -c src.c
clang: error: -lsymcc-rt: 'linker' input unused [-Werror,-Wunused-command-line-argument]
clang: error: -Wl,-rpath,/home/caroulder/TestSymCC/symcc/simple32build/SymCCRuntime-prefix/src/SymCCRuntime-build: 'linker' input unused [-Werror,-Wunused-command-line-argument]
ninja: build stopped: subcommand failed.


Source file was:
int main(void) { return 0; }
Performing C++ SOURCE FILE Test LINKER_SUPPORTS_COLOR_DIAGNOSTICS failed with the following output:
Change Dir: /home/caroulder/TestSymCC/symcc/64libcxx_symcc/CMakeFiles/CMakeTmp

Run Build Command(s):/usr/bin/ninja cmTC_19e16 && [1/2] Building CXX object CMakeFiles/cmTC_19e16.dir/src.cxx.o
Symbolizer module instrumentation
Symbolizing function main
Symbolizing function __sym_ctor.1
[2/2] Linking CXX executable cmTC_19e16
FAILED: cmTC_19e16 
: && /home/caroulder/TestSymCC/symcc/simple32build/sym++  -fvisibility-inlines-hidden -Werror=date-time -Werror=unguarded-availability-new -Wall -Wextra -Wno-unused-parameter -Wwrite-strings -Wcast-qual -Wmissing-field-initializers -pedantic -Wno-long-long -Wimplicit-fallthrough -Wcovered-switch-default -Wno-noexcept-type -Wnon-virtual-dtor -Wdelete-non-virtual-dtor -Wno-comment -Wstring-conversion -fdiagnostics-color -DLINKER_SUPPORTS_COLOR_DIAGNOSTICS  -Werror=unguarded-availability-new  -Wl,--color-diagnostics CMakeFiles/cmTC_19e16.dir/src.cxx.o  -o cmTC_19e16  -lm && :
/usr/bin/ld: unrecognized option '--color-diagnostics'
/usr/bin/ld: use the --help option for usage information
clang: error: linker command failed with exit code 1 (use -v to see invocation)
ninja: build stopped: subcommand failed.


Source file was:
int main() { return 0; }
Performing C SOURCE FILE Test C_SUPPORTS_FNO_FUNCTION_SECTIONS failed with the following output:
Change Dir: /home/caroulder/TestSymCC/symcc/64libcxx_symcc/CMakeFiles/CMakeTmp

Run Build Command(s):/usr/bin/ninja cmTC_27408 && [1/2] Building C object CMakeFiles/cmTC_27408.dir/src.c.o
FAILED: CMakeFiles/cmTC_27408.dir/src.c.o 
/home/caroulder/TestSymCC/symcc/simple32build/symcc   -Werror=unguarded-availability-new -Wall -Wextra -Wno-unused-parameter -Wwrite-strings -Wmissing-field-initializers -pedantic -Wno-long-long -Wno-comment -fdiagnostics-color -DC_SUPPORTS_FNO_FUNCTION_SECTIONS  -Werror=unguarded-availability-new   -Werror -fno-function-sections -o CMakeFiles/cmTC_27408.dir/src.c.o   -c src.c
clang: error: -lsymcc-rt: 'linker' input unused [-Werror,-Wunused-command-line-argument]
clang: error: -Wl,-rpath,/home/caroulder/TestSymCC/symcc/simple32build/SymCCRuntime-prefix/src/SymCCRuntime-build: 'linker' input unused [-Werror,-Wunused-command-line-argument]
ninja: build stopped: subcommand failed.


Source file was:
int main(void) { return 0; }
Performing C SOURCE FILE Test C_SUPPORTS_FDATA_SECTIONS failed with the following output:
Change Dir: /home/caroulder/TestSymCC/symcc/64libcxx_symcc/CMakeFiles/CMakeTmp

Run Build Command(s):/usr/bin/ninja cmTC_46ac7 && [1/2] Building C object CMakeFiles/cmTC_46ac7.dir/src.c.o
FAILED: CMakeFiles/cmTC_46ac7.dir/src.c.o 
/home/caroulder/TestSymCC/symcc/simple32build/symcc   -Werror=unguarded-availability-new -Wall -Wextra -Wno-unused-parameter -Wwrite-strings -Wmissing-field-initializers -pedantic -Wno-long-long -Wno-comment -fdiagnostics-color -DC_SUPPORTS_FDATA_SECTIONS  -Werror=unguarded-availability-new   -Werror -fdata-sections -o CMakeFiles/cmTC_46ac7.dir/src.c.o   -c src.c
clang: error: -lsymcc-rt: 'linker' input unused [-Werror,-Wunused-command-line-argument]
clang: error: -Wl,-rpath,/home/caroulder/TestSymCC/symcc/simple32build/SymCCRuntime-prefix/src/SymCCRuntime-build: 'linker' input unused [-Werror,-Wunused-command-line-argument]
ninja: build stopped: subcommand failed.


Source file was:
int main(void) { return 0; }
Determining if the os_signpost_interval_begin exist failed with the following output:
Change Dir: /home/caroulder/TestSymCC/symcc/64libcxx_symcc/CMakeFiles/CMakeTmp

Run Build Command(s):/usr/bin/ninja cmTC_d6ccf && [1/2] Building C object CMakeFiles/cmTC_d6ccf.dir/CheckSymbolExists.c.o
FAILED: CMakeFiles/cmTC_d6ccf.dir/CheckSymbolExists.c.o 
/home/caroulder/TestSymCC/symcc/simple32build/symcc -D_GNU_SOURCE  -Werror=unguarded-availability-new -Wall -Wextra -Wno-unused-parameter -Wwrite-strings -Wmissing-field-initializers -pedantic -Wno-long-long -Wno-comment -fdiagnostics-color  -Werror=unguarded-availability-new -o CMakeFiles/cmTC_d6ccf.dir/CheckSymbolExists.c.o   -c CheckSymbolExists.c
clang: warning: -lsymcc-rt: 'linker' input unused [-Wunused-command-line-argument]
clang: warning: -Wl,-rpath,/home/caroulder/TestSymCC/symcc/simple32build/SymCCRuntime-prefix/src/SymCCRuntime-build: 'linker' input unused [-Wunused-command-line-argument]
clang: warning: argument unused during compilation: '-L/home/caroulder/TestSymCC/symcc/simple32build/SymCCRuntime-prefix/src/SymCCRuntime-build' [-Wunused-command-line-argument]
CheckSymbolExists.c:2:10: fatal error: 'os/signpost.h' file not found
#include <os/signpost.h>
         ^~~~~~~~~~~~~~~
1 error generated.
ninja: build stopped: subcommand failed.


File /home/caroulder/TestSymCC/symcc/64libcxx_symcc/CMakeFiles/CMakeTmp/CheckSymbolExists.c:
/* */
#include <os/signpost.h>

int main(int argc, char** argv)
{
  (void)argv;
#ifndef os_signpost_interval_begin
  return ((int*)(&os_signpost_interval_begin))[argc];
#else
  (void)argc;
  return 0;
#endif
}
Determining if the function __aeabi_uldivmod exists in the gcc failed with the following output:
Change Dir: /home/caroulder/TestSymCC/symcc/64libcxx_symcc/CMakeFiles/CMakeTmp

Run Build Command(s):/usr/bin/ninja cmTC_d7928 && [1/2] Building C object CMakeFiles/cmTC_d7928.dir/CheckFunctionExists.c.o
clang: warning: -lsymcc-rt: 'linker' input unused [-Wunused-command-line-argument]
clang: warning: -Wl,-rpath,/home/caroulder/TestSymCC/symcc/simple32build/SymCCRuntime-prefix/src/SymCCRuntime-build: 'linker' input unused [-Wunused-command-line-argument]
clang: warning: argument unused during compilation: '-L/home/caroulder/TestSymCC/symcc/simple32build/SymCCRuntime-prefix/src/SymCCRuntime-build' [-Wunused-command-line-argument]
Symbolizer module instrumentation
Symbolizing function main
Symbolizing function __sym_ctor.1
[2/2] Linking C executable cmTC_d7928
FAILED: cmTC_d7928 
: && /home/caroulder/TestSymCC/symcc/simple32build/symcc -Werror=unguarded-availability-new -Wall -Wextra -Wno-unused-parameter -Wwrite-strings -Wmissing-field-initializers -pedantic -Wno-long-long -Wno-comment -fdiagnostics-color -DCHECK_FUNCTION_EXISTS=__aeabi_uldivmod  -Werror=unguarded-availability-new  -Wl,-allow-shlib-undefined CMakeFiles/cmTC_d7928.dir/CheckFunctionExists.c.o  -o cmTC_d7928  -lgcc  -lm && :
/usr/bin/ld: CMakeFiles/cmTC_d7928.dir/CheckFunctionExists.c.o: in function `main':
CheckFunctionExists.c:(.text+0xb2): undefined reference to `__aeabi_uldivmod'
clang: error: linker command failed with exit code 1 (use -v to see invocation)
ninja: build stopped: subcommand failed.



Determining if the function write exists in the System failed with the following output:
Change Dir: /home/caroulder/TestSymCC/symcc/64libcxx_symcc/CMakeFiles/CMakeTmp

Run Build Command(s):/usr/bin/ninja cmTC_655b2 && [1/2] Building C object CMakeFiles/cmTC_655b2.dir/CheckFunctionExists.c.o
clang: warning: -lsymcc-rt: 'linker' input unused [-Wunused-command-line-argument]
clang: warning: -Wl,-rpath,/home/caroulder/TestSymCC/symcc/simple32build/SymCCRuntime-prefix/src/SymCCRuntime-build: 'linker' input unused [-Wunused-command-line-argument]
clang: warning: argument unused during compilation: '-L/home/caroulder/TestSymCC/symcc/simple32build/SymCCRuntime-prefix/src/SymCCRuntime-build' [-Wunused-command-line-argument]
Symbolizer module instrumentation
Symbolizing function main
Symbolizing function __sym_ctor.1
[2/2] Linking C executable cmTC_655b2
FAILED: cmTC_655b2 
: && /home/caroulder/TestSymCC/symcc/simple32build/symcc -Werror=unguarded-availability-new -Wall -Wextra -Wno-unused-parameter -Wwrite-strings -Wmissing-field-initializers -pedantic -Wno-long-long -Wno-comment -fdiagnostics-color -DCHECK_FUNCTION_EXISTS=write  -Werror=unguarded-availability-new -nodefaultlibs  -Wl,-allow-shlib-undefined CMakeFiles/cmTC_655b2.dir/CheckFunctionExists.c.o  -o cmTC_655b2  -lSystem  -lm  -lc  -lgcc_s && :
/usr/bin/ld: cannot find -lSystem
clang: error: linker command failed with exit code 1 (use -v to see invocation)
ninja: build stopped: subcommand failed.



Performing C++ SOURCE FILE Test LIBCXXABI_SUPPORTS_WX_FLAG failed with the following output:
Change Dir: /home/caroulder/TestSymCC/symcc/64libcxx_symcc/CMakeFiles/CMakeTmp

Run Build Command(s):/usr/bin/ninja cmTC_4b8fa && [1/2] Building CXX object CMakeFiles/cmTC_4b8fa.dir/src.cxx.o
warning: unknown warning option '-WX-' [-Wunknown-warning-option]
Symbolizer module instrumentation
Symbolizing function main
Symbolizing function __sym_ctor.1
1 warning generated.
[2/2] Linking CXX executable cmTC_4b8fa


Source file was:
int main() { return 0; }
Performing C++ SOURCE FILE Test LIBCXXABI_SUPPORTS_EHSC_FLAG failed with the following output:
Change Dir: /home/caroulder/TestSymCC/symcc/64libcxx_symcc/CMakeFiles/CMakeTmp

Run Build Command(s):/usr/bin/ninja cmTC_ea04e && [1/2] Building CXX object CMakeFiles/cmTC_ea04e.dir/src.cxx.o
FAILED: CMakeFiles/cmTC_ea04e.dir/src.cxx.o 
/home/caroulder/TestSymCC/symcc/simple32build/sym++    -fvisibility-inlines-hidden -Werror=date-time -Werror=unguarded-availability-new -Wall -Wextra -Wno-unused-parameter -Wwrite-strings -Wcast-qual -Wmissing-field-initializers -pedantic -Wno-long-long -Wimplicit-fallthrough -Wcovered-switch-default -Wno-noexcept-type -Wnon-virtual-dtor -Wdelete-non-virtual-dtor -Wno-comment -Wstring-conversion -fdiagnostics-color -fdata-sections -DLIBCXXABI_SUPPORTS_EHSC_FLAG  -Werror=unguarded-availability-new -nodefaultlibs   -EHsc -o CMakeFiles/cmTC_ea04e.dir/src.cxx.o -c src.cxx
clang: error: unknown argument: '-EHsc'
ninja: build stopped: subcommand failed.


Source file was:
int main() { return 0; }
Performing C++ SOURCE FILE Test LIBCXX_SUPPORTS_EHSC_FLAG failed with the following output:
Change Dir: /home/caroulder/TestSymCC/symcc/64libcxx_symcc/CMakeFiles/CMakeTmp

Run Build Command(s):/usr/bin/ninja cmTC_9a265 && [1/2] Building CXX object CMakeFiles/cmTC_9a265.dir/src.cxx.o
FAILED: CMakeFiles/cmTC_9a265.dir/src.cxx.o 
/home/caroulder/TestSymCC/symcc/simple32build/sym++    -fvisibility-inlines-hidden -Werror=date-time -Werror=unguarded-availability-new -Wall -Wextra -Wno-unused-parameter -Wwrite-strings -Wcast-qual -Wmissing-field-initializers  -Wno-long-long -Wimplicit-fallthrough -Wcovered-switch-default -Wno-noexcept-type -Wnon-virtual-dtor -Wdelete-non-virtual-dtor -Wno-comment -Wstring-conversion -fdiagnostics-color -fdata-sections -DLIBCXX_SUPPORTS_EHSC_FLAG  -Werror=unguarded-availability-new -nodefaultlibs   -EHsc -o CMakeFiles/cmTC_9a265.dir/src.cxx.o -c src.cxx
clang: error: unknown argument: '-EHsc'
ninja: build stopped: subcommand failed.


Source file was:
int main() { return 0; }
Performing C++ SOURCE FILE Test LIBCXX_SUPPORTS_ZL_FLAG failed with the following output:
Change Dir: /home/caroulder/TestSymCC/symcc/64libcxx_symcc/CMakeFiles/CMakeTmp

Run Build Command(s):/usr/bin/ninja cmTC_12d71 && [1/2] Building CXX object CMakeFiles/cmTC_12d71.dir/src.cxx.o
FAILED: CMakeFiles/cmTC_12d71.dir/src.cxx.o 
/home/caroulder/TestSymCC/symcc/simple32build/sym++    -fvisibility-inlines-hidden -Werror=date-time -Werror=unguarded-availability-new -Wall -Wextra -Wno-unused-parameter -Wwrite-strings -Wcast-qual -Wmissing-field-initializers  -Wno-long-long -Wimplicit-fallthrough -Wcovered-switch-default -Wno-noexcept-type -Wnon-virtual-dtor -Wdelete-non-virtual-dtor -Wno-comment -Wstring-conversion -fdiagnostics-color -fdata-sections -DLIBCXX_SUPPORTS_ZL_FLAG  -Werror=unguarded-availability-new -nodefaultlibs   /Zl -o CMakeFiles/cmTC_12d71.dir/src.cxx.o -c src.cxx
clang: error: no such file or directory: '/Zl'
ninja: build stopped: subcommand failed.


Source file was:
int main() { return 0; }
Performing C++ SOURCE FILE Test LIBCXX_SUPPORTS_NODEFAULTLIB_FLAG failed with the following output:
Change Dir: /home/caroulder/TestSymCC/symcc/64libcxx_symcc/CMakeFiles/CMakeTmp

Run Build Command(s):/usr/bin/ninja cmTC_5c015 && [1/2] Building CXX object CMakeFiles/cmTC_5c015.dir/src.cxx.o
FAILED: CMakeFiles/cmTC_5c015.dir/src.cxx.o 
/home/caroulder/TestSymCC/symcc/simple32build/sym++    -fvisibility-inlines-hidden -Werror=date-time -Werror=unguarded-availability-new -Wall -Wextra -Wno-unused-parameter -Wwrite-strings -Wcast-qual -Wmissing-field-initializers  -Wno-long-long -Wimplicit-fallthrough -Wcovered-switch-default -Wno-noexcept-type -Wnon-virtual-dtor -Wdelete-non-virtual-dtor -Wno-comment -Wstring-conversion -fdiagnostics-color -fdata-sections -DLIBCXX_SUPPORTS_NODEFAULTLIB_FLAG  -Werror=unguarded-availability-new -nodefaultlibs   /nodefaultlib -o CMakeFiles/cmTC_5c015.dir/src.cxx.o -c src.cxx
clang: error: no such file or directory: '/nodefaultlib'
ninja: build stopped: subcommand failed.


Source file was:
int main() { return 0; }
Performing C++ SOURCE FILE Test HAVE_CXX_FLAG_WD654 failed with the following output:
Change Dir: /home/caroulder/TestSymCC/symcc/64libcxx_symcc/CMakeFiles/CMakeTmp

Run Build Command(s):/usr/bin/ninja cmTC_ead2b && [1/2] Building CXX object CMakeFiles/cmTC_ead2b.dir/src.cxx.o
FAILED: CMakeFiles/cmTC_ead2b.dir/src.cxx.o 
/home/caroulder/TestSymCC/symcc/simple32build/sym++    -fvisibility-inlines-hidden -Werror=date-time -Werror=unguarded-availability-new -Wall -Wextra -Wno-unused-parameter -Wwrite-strings -Wcast-qual -Wmissing-field-initializers -pedantic -Wno-long-long -Wimplicit-fallthrough -Wcovered-switch-default -Wno-noexcept-type -Wnon-virtual-dtor -Wdelete-non-virtual-dtor -Wno-comment -Wstring-conversion -fdiagnostics-color -fdata-sections  -std=c++11  -Wall  -Wextra  -Wshadow  -pedantic  -pedantic-errors  -Wshorten-64-to-32  -Wfloat-equal  -fstrict-aliasing  -fno-exceptions  -Wstrict-aliasing -DHAVE_CXX_FLAG_WD654  -Werror=unguarded-availability-new -wd654   -wd654 -o CMakeFiles/cmTC_ead2b.dir/src.cxx.o -c src.cxx
clang: error: unknown argument: '-wd654'
clang: error: unknown argument: '-wd654'
ninja: build stopped: subcommand failed.


Source file was:
int main() { return 0; }
